<?xml version="1.0" encoding="UTF-8"?>
<testsuite name="com.thuruummm.physics.AdversarialMagnitudeTest" tests="3" skipped="0" failures="0" errors="0" timestamp="2026-06-13T15:48:11.903Z" hostname="Karls-MacBook-Pro.local" time="0.003">
  <properties/>
  <testcase name="an empty collapse result has magnitude zero" classname="com.thuruummm.physics.AdversarialMagnitudeTest" time="0.0"/>
  <testcase name="magnitude is exactly fell times rings times variety with no hidden bonus" classname="com.thuruummm.physics.AdversarialMagnitudeTest" time="0.0"/>
  <testcase name="tangled complexity outscores a taller tower that felled more bricks" classname="com.thuruummm.physics.AdversarialMagnitudeTest" time="0.003"/>
  <system-out><![CDATA[]]></system-out>
  <system-err><![CDATA[]]></system-err>
</testsuite>
