<?xml version="1.0" encoding="UTF-8"?>
<testsuite name="com.thuruummm.physics.AdversarialLoadCascadeTest" tests="11" skipped="0" failures="0" errors="0" timestamp="2026-06-13T15:48:11.900Z" hostname="Karls-MacBook-Pro.local" time="0.002">
  <properties/>
  <testcase name="the lowest buckler is consumed, not re-landed" classname="com.thuruummm.physics.AdversarialLoadCascadeTest" time="0.0"/>
  <testcase name="shatterThreshold zero shatters on any fall" classname="com.thuruummm.physics.AdversarialLoadCascadeTest" time="0.0"/>
  <testcase name="fall of exactly shatterThreshold shatters" classname="com.thuruummm.physics.AdversarialLoadCascadeTest" time="0.0"/>
  <testcase name="fall of one less than shatterThreshold lands intact on bedrock" classname="com.thuruummm.physics.AdversarialLoadCascadeTest" time="0.0"/>
  <testcase name="a cantilever beam bears its arm and buckles when the arm overloads it" classname="com.thuruummm.physics.AdversarialLoadCascadeTest" time="0.0"/>
  <testcase name="load one increment over strength buckles" classname="com.thuruummm.physics.AdversarialLoadCascadeTest" time="0.0"/>
  <testcase name="load exactly equal to strength holds" classname="com.thuruummm.physics.AdversarialLoadCascadeTest" time="0.0"/>
  <testcase name="a debris shove can buckle a neighbour that was within margin" classname="com.thuruummm.physics.AdversarialLoadCascadeTest" time="0.0"/>
  <testcase name="weight is conserved after a deterministic sequence of stable placements" classname="com.thuruummm.physics.AdversarialLoadCascadeTest" time="0.001"/>
  <testcase name="simultaneous fallers re-stack gaplessly from the floor" classname="com.thuruummm.physics.AdversarialLoadCascadeTest" time="0.0"/>
  <testcase name="stable structure conserves weight down to bedrock" classname="com.thuruummm.physics.AdversarialLoadCascadeTest" time="0.0"/>
  <system-out><![CDATA[]]></system-out>
  <system-err><![CDATA[]]></system-err>
</testsuite>
