<?xml version="1.0" encoding="UTF-8"?>
<testsuite name="com.thuruummm.physics.AdversarialSupportTest" tests="8" skipped="0" failures="0" errors="0" timestamp="2026-06-13T15:48:11.906Z" hostname="Karls-MacBook-Pro.local" time="0.001">
  <properties/>
  <testcase name="a cantilever arm re-radiates its own reach (overhang chaining)" classname="com.thuruummm.physics.AdversarialSupportTest" time="0.001"/>
  <testcase name="an unanchored beam lends no footing — the whole island is unfooted" classname="com.thuruummm.physics.AdversarialSupportTest" time="0.0"/>
  <testcase name="empty grid has no footed cells and no unfooted cells" classname="com.thuruummm.physics.AdversarialSupportTest" time="0.0"/>
  <testcase name="reach boundary holds at exactly reach and fails one past, both directions" classname="com.thuruummm.physics.AdversarialSupportTest" time="0.0"/>
  <testcase name="removing nothing orphans nothing" classname="com.thuruummm.physics.AdversarialSupportTest" time="0.0"/>
  <testcase name="removing a support reports the span-footed arm as unsupported" classname="com.thuruummm.physics.AdversarialSupportTest" time="0.0"/>
  <testcase name="overhang foots an arm on the negative-x side too" classname="com.thuruummm.physics.AdversarialSupportTest" time="0.0"/>
  <testcase name="disjoint ground bricks are each independently footed" classname="com.thuruummm.physics.AdversarialSupportTest" time="0.0"/>
  <system-out><![CDATA[]]></system-out>
  <system-err><![CDATA[]]></system-err>
</testsuite>
