<?xml version="1.0" encoding="UTF-8"?>
<testsuite name="com.thuruummm.physics.AdversarialConsistencyTest" tests="13" skipped="0" failures="0" errors="0" timestamp="2026-06-13T15:48:11.864Z" hostname="Karls-MacBook-Pro.local" time="0.034">
  <properties/>
  <testcase name="the grid stays fully consistent through a cascade-heavy sequence" classname="com.thuruummm.physics.AdversarialConsistencyTest" time="0.018"/>
  <testcase name="Stress margin of a truly empty grid is one" classname="com.thuruummm.physics.AdversarialConsistencyTest" time="0.001"/>
  <testcase name="Material rejects non-positive strength" classname="com.thuruummm.physics.AdversarialConsistencyTest" time="0.002"/>
  <testcase name="Material rejects negative cantilever" classname="com.thuruummm.physics.AdversarialConsistencyTest" time="0.0"/>
  <testcase name="randomised placements never produce a contradictory grid" classname="com.thuruummm.physics.AdversarialConsistencyTest" time="0.012"/>
  <testcase name="a sub-bedrock placement does not corrupt the grid" classname="com.thuruummm.physics.AdversarialConsistencyTest" time="0.0"/>
  <testcase name="Material rejects non-positive weight" classname="com.thuruummm.physics.AdversarialConsistencyTest" time="0.001"/>
  <testcase name="reset returns the engine to an empty, consistent world" classname="com.thuruummm.physics.AdversarialConsistencyTest" time="0.0"/>
  <testcase name="Material admits the legal boundary values" classname="com.thuruummm.physics.AdversarialConsistencyTest" time="0.0"/>
  <testcase name="Material rejects negative shatterThreshold" classname="com.thuruummm.physics.AdversarialConsistencyTest" time="0.0"/>
  <testcase name="placing on an occupied cell is a true no-op and burns no id" classname="com.thuruummm.physics.AdversarialConsistencyTest" time="0.0"/>
  <testcase name="Material rejects brittleness outside zero to one" classname="com.thuruummm.physics.AdversarialConsistencyTest" time="0.0"/>
  <testcase name="stress of an empty grid is one and never NaN" classname="com.thuruummm.physics.AdversarialConsistencyTest" time="0.0"/>
  <system-out><![CDATA[]]></system-out>
  <system-err><![CDATA[]]></system-err>
</testsuite>
